app/build/intermediates/manifest_merge_blame_file/debug/manifest-merger-blame-debug-report.txt
1<?xml version="1.0" encoding="utf-8"?>
2<manifest xmlns:android="http://schemas.android.com/apk/res/android"
3    package="com.example.bcspro"
4    android:versionCode="1"
5    android:versionName="1.0" >
6
7    <uses-sdk
8        android:minSdkVersion="21"
8-->src\main\AndroidManifest.xml
9        android:targetSdkVersion="29" />
9-->src\main\AndroidManifest.xml
10
11    <application
11-->src\main\AndroidManifest.xml:5:5-31:19
12        android:allowBackup="true"
12-->src\main\AndroidManifest.xml:6:9-35
13        android:appComponentFactory="androidx.core.app.CoreComponentFactory"
13-->[androidx.core:core:1.1.0-rc02] AndroidManifest.xml:24:18-86
14        android:debuggable="true"
15        android:icon="@mipmap/ic_launcher"
15-->src\main\AndroidManifest.xml:7:9-43
16        android:label="@string/app_name"
16-->src\main\AndroidManifest.xml:8:9-41
17        android:roundIcon="@mipmap/ic_launcher_round"
17-->src\main\AndroidManifest.xml:9:9-54
18        android:supportsRtl="true"
18-->src\main\AndroidManifest.xml:10:9-35
19        android:testOnly="true"
20        android:theme="@style/AppTheme" >
20-->src\main\AndroidManifest.xml:11:9-40
21        <activity android:name="com.example.bcspro.SubjectVittikExam.CardViewActivity1" />
21-->src\main\AndroidManifest.xml:12:9-82
21-->src\main\AndroidManifest.xml:12:19-70
22        <activity android:name="com.example.bcspro.SubjectVittikExam.CardActivity1" />
22-->src\main\AndroidManifest.xml:13:9-69
22-->src\main\AndroidManifest.xml:13:19-66
23        <activity
23-->src\main\AndroidManifest.xml:14:9-16:15
24            android:name="com.example.bcspro.SubjectActivity1"
24-->src\main\AndroidManifest.xml:14:19-51
25            android:theme="@style/AppTheme.NoActionBar" />
25-->src\main\AndroidManifest.xml:15:13-56
26        <activity android:name="com.example.bcspro.RegistrationActivity" />
26-->src\main\AndroidManifest.xml:17:9-58
26-->src\main\AndroidManifest.xml:17:19-55
27        <activity android:name="com.example.bcspro.LoginActivity" />
27-->src\main\AndroidManifest.xml:18:9-51
27-->src\main\AndroidManifest.xml:18:19-48
28        <activity android:name="com.example.bcspro.MainActivity" />
28-->src\main\AndroidManifest.xml:19:9-50
28-->src\main\AndroidManifest.xml:19:19-47
29        <activity android:name="com.example.bcspro.FormPageActivity" />
29-->src\main\AndroidManifest.xml:20:9-54
29-->src\main\AndroidManifest.xml:20:19-51
30        <activity
30-->src\main\AndroidManifest.xml:21:9-30:20
31            android:name="com.example.bcspro.SplashActivity"
31-->src\main\AndroidManifest.xml:22:13-43
32            android:label="@string/app_name"
32-->src\main\AndroidManifest.xml:23:13-45
33            android:theme="@style/AppTheme.NoActionBar" >
33-->src\main\AndroidManifest.xml:24:13-56
34            <intent-filter>
34-->src\main\AndroidManifest.xml:25:13-29:29
35                <action android:name="android.intent.action.MAIN" />
35-->src\main\AndroidManifest.xml:26:17-69
35-->src\main\AndroidManifest.xml:26:25-66
36
37                <category android:name="android.intent.category.LAUNCHER" />
37-->src\main\AndroidManifest.xml:28:17-77
37-->src\main\AndroidManifest.xml:28:27-74
38            </intent-filter>
39        </activity>
40
41        <provider
41-->[androidx.lifecycle:lifecycle-process:2.0.0] AndroidManifest.xml:23:9-27:43
42            android:name="androidx.lifecycle.ProcessLifecycleOwnerInitializer"
42-->[androidx.lifecycle:lifecycle-process:2.0.0] AndroidManifest.xml:24:13-79
43            android:authorities="com.example.bcspro.lifecycle-process"
43-->[androidx.lifecycle:lifecycle-process:2.0.0] AndroidManifest.xml:25:13-69
44            android:exported="false"
44-->[androidx.lifecycle:lifecycle-process:2.0.0] AndroidManifest.xml:26:13-37
45            android:multiprocess="true" />
45-->[androidx.lifecycle:lifecycle-process:2.0.0] AndroidManifest.xml:27:13-40
46    </application>
47
48</manifest>